\BOOKMARK [1][-]{section.1}{Pr\351sentation globale du programme}{}% 1
\BOOKMARK [1][-]{section.2}{Segmentation}{}% 2
\BOOKMARK [2][-]{subsection.2.1}{Pr\351sentation de la m\351thode}{section.2}% 3
\BOOKMARK [2][-]{subsection.2.2}{Analyse des r\351sultats}{section.2}% 4
\BOOKMARK [1][-]{section.3}{Classification}{}% 5
\BOOKMARK [2][-]{subsection.3.1}{Classifieurs par profils et histogrammes horizontaux et verticaux}{section.3}% 6
\BOOKMARK [3][-]{subsubsection.3.1.1}{Pr\351sentation de la m\351thode}{subsection.3.1}% 7
\BOOKMARK [3][-]{subsubsection.3.1.2}{R\351sultats}{subsection.3.1}% 8
\BOOKMARK [3][-]{subsubsection.3.1.3}{Am\351lioratoins possibles}{subsection.3.1}% 9
\BOOKMARK [2][-]{subsection.3.2}{Classifieur densit\351s}{section.3}% 10
\BOOKMARK [3][-]{subsubsection.3.2.1}{R\351sultats}{subsection.3.2}% 11
\BOOKMARK [2][-]{subsection.3.3}{Classifieur histogramme radial}{section.3}% 12
\BOOKMARK [3][-]{subsubsection.3.3.1}{Pr\351sentation de la m\351thode}{subsection.3.3}% 13
\BOOKMARK [2][-]{subsection.3.4}{Classifieur de convexit\351}{section.3}% 14
\BOOKMARK [3][-]{subsubsection.3.4.1}{Pr\351sentation}{subsection.3.4}% 15
\BOOKMARK [3][-]{subsubsection.3.4.2}{Tests: param\350tres optimaux}{subsection.3.4}% 16
\BOOKMARK [3][-]{subsubsection.3.4.3}{Conclusions}{subsection.3.4}% 17
\BOOKMARK [3][-]{subsubsection.3.4.4}{Remarques}{subsection.3.4}% 18
\BOOKMARK [1][-]{section.4}{Combinaison des classifieurs}{}% 19
\BOOKMARK [1][-]{section.5}{Suivi de la main dans une s\351quence d\220images}{}% 20
\BOOKMARK [2][-]{subsection.5.1}{Pr\351sentation de la m\351thode}{section.5}% 21
\BOOKMARK [3][-]{subsubsection.5.1.1}{Segmentation de la main et extraction de la box}{subsection.5.1}% 22
\BOOKMARK [3][-]{subsubsection.5.1.2}{Op\351rateur de Harris}{subsection.5.1}% 23
\BOOKMARK [3][-]{subsubsection.5.1.3}{Seuillage sur la boite englobante}{subsection.5.1}% 24
